
 Ansys Mechanical Enterprise Academic Research     


 *------------------------------------------------------------------*
 |                                                                  |
 |   W E L C O M E   T O   T H E   A N S Y S (R)  P R O G R A M     |
 |                                                                  |
 *------------------------------------------------------------------*




 ***************************************************************
 *         ANSYS MAPDL 2024 R2          LEGAL NOTICES          *
 ***************************************************************
 *                                                             *
 * Copyright 1971-2024 Ansys, Inc.  All rights reserved.       *
 * Unauthorized use, distribution or duplication is            *
 * prohibited.                                                 *
 *                                                             *
 * Ansys is a registered trademark of Ansys, Inc. or its       *
 * subsidiaries in the United States or other countries.       *
 * See the Ansys, Inc. online documentation or the Ansys, Inc. *
 * documentation CD or online help for the complete Legal      *
 * Notice.                                                     *
 *                                                             *
 ***************************************************************
 *                                                             *
 * THIS ANSYS SOFTWARE PRODUCT AND PROGRAM DOCUMENTATION       *
 * INCLUDE TRADE SECRETS AND CONFIDENTIAL AND PROPRIETARY      *
 * PRODUCTS OF ANSYS, INC., ITS SUBSIDIARIES, OR LICENSORS.    *
 * The software products and documentation are furnished by    *
 * Ansys, Inc. or its subsidiaries under a software license    *
 * agreement that contains provisions concerning               *
 * non-disclosure, copying, length and nature of use,          *
 * compliance with exporting laws, warranties, disclaimers,    *
 * limitations of liability, and remedies, and other           *
 * provisions.  The software products and documentation may be *
 * used, disclosed, transferred, or copied only in accordance  *
 * with the terms and conditions of that software license      *
 * agreement.                                                  *
 *                                                             *
 * Ansys, Inc. is a UL registered                              *
 * ISO 9001:2015 company.                                      *
 *                                                             *
 ***************************************************************
 *                                                             *
 * This product is subject to U.S. laws governing export and   *
 * re-export.                                                  *
 *                                                             *
 * For U.S. Government users, except as specifically granted   *
 * by the Ansys, Inc. software license agreement, the use,     *
 * duplication, or disclosure by the United States Government  *
 * is subject to restrictions stated in the Ansys, Inc.        *
 * software license agreement and FAR 12.212 (for non-DOD      *
 * licenses).                                                  *
 *                                                             *
 ***************************************************************

 2024 R2 
     
 Point Releases and Patches installed:   
     
 Ansys Service Pack 2024 R2.01   
 Ansys Service Pack 2024 R2.02   
 Ansys, Inc. License Manager 2024 R2 
 Ansys, Inc. License Manager 2024 R2.01  
 Ansys, Inc. License Manager 2024 R2.02  
 Discovery 2024 R2   
 Discovery 2024 R2.01
 Discovery 2024 R2.02
 Core WB Files 2024 R2   
 Core WB Files 2024 R2.01
 Core WB Files 2024 R2.02
 SpaceClaim 2024 R2  
 SpaceClaim 2024 R2.01   
 SpaceClaim 2024 R2.02   
 Icepak (includes CFD-Post) 2024 R2  
 Icepak (includes CFD-Post) 2024 R2.01   
 Icepak (includes CFD-Post) 2024 R2.02   
 Ansys Dynamic Reporting 2024 R2 
 Ansys Dynamic Reporting 2024 R2.01  
 Ansys Dynamic Reporting 2024 R2.02  
 CFD-Post only 2024 R2   
 CFD-Post only 2024 R2.01
 CFD-Post only 2024 R2.02
 CFX (includes CFD-Post) 2024 R2 
 CFX (includes CFD-Post) 2024 R2.01  
 CFX (includes CFD-Post) 2024 R2.02  
 Chemkin 2024 R2 
 Chemkin 2024 R2.01  
 Chemkin 2024 R2.02  
 EnSight 2024 R2 
 EnSight 2024 R2.01  
 EnSight 2024 R2.02  
 FENSAP-ICE 2024 R2  
 FENSAP-ICE 2024 R2.01   
 FENSAP-ICE 2024 R2.02   
 Fluent (includes CFD-Post) 2024 R2  
 Fluent (includes CFD-Post) 2024 R2.01   
 Fluent (includes CFD-Post) 2024 R2.02   
 Polyflow (includes CFD-Post) 2024 R2
 Polyflow (includes CFD-Post) 2024 R2.01 
 Polyflow (includes CFD-Post) 2024 R2.02 
 Forte (includes EnSight) 2024 R2
 Forte (includes EnSight) 2024 R2.01 
 Forte (includes EnSight) 2024 R2.02 
 ICEM CFD 2024 R2
 ICEM CFD 2024 R2.01 
 ICEM CFD 2024 R2.02 
 TurboGrid 2024 R2   
 TurboGrid 2024 R2.01
 TurboGrid 2024 R2.02
 Speos 2024 R2   
 Speos 2024 R2.01
 Speos 2024 R2.02
 Speos HPC 2024 R2   
 Speos HPC 2024 R2.01
 Speos HPC 2024 R2.02
 Zemax OpticStudio 2024 R2   
 Zemax OpticStudio 2024 R2.01
 Zemax OpticStudio 2024 R2.02
 optiSLang 2024 R2   
 optiSLang 2024 R2.01
 optiSLang 2024 R2.02
 Remote Solve Manager Standalone Services 2024 R2
 Remote Solve Manager Standalone Services 2024 R2.01 
 Remote Solve Manager Standalone Services 2024 R2.02 
 Additive 2024 R2
 Additive 2024 R2.01 
 Additive 2024 R2.02 
 Aqwa 2024 R2
 Aqwa 2024 R2.01 
 Aqwa 2024 R2.02 
 Autodyn 2024 R2 
 Autodyn 2024 R2.01  
 Autodyn 2024 R2.02  
 Customization Files for User Programmable Features 2024 R2  
 Customization Files for User Programmable Features 2024 R2.01   
 Customization Files for User Programmable Features 2024 R2.02   
 LS-DYNA 2024 R2 
 LS-DYNA 2024 R2.01  
 LS-DYNA 2024 R2.02  
 Material Calibration App 2024 R2
 Material Calibration App 2024 R2.01 
 Material Calibration App 2024 R2.02 
 Mechanical Products 2024 R2 
 Mechanical Products 2024 R2.01  
 Mechanical Products 2024 R2.02  
 Motion 2024 R2  
 Motion 2024 R2.01   
 Motion 2024 R2.02   
 Sherlock 2024 R2
 Sherlock 2024 R2.01 
 Sherlock 2024 R2.02 
 Sound - SAS 2024 R2 
 Sound - SAS 2024 R2.01  
 Sound - SAS 2024 R2.02  
 ACIS Geometry Interface 2024 R2 
 ACIS Geometry Interface 2024 R2.01  
 ACIS Geometry Interface 2024 R2.02  
 AutoCAD Geometry Interface 2024 R2  
 AutoCAD Geometry Interface 2024 R2.01   
 AutoCAD Geometry Interface 2024 R2.02   
 Catia, Version 4 Geometry Interface 2024 R2 
 Catia, Version 4 Geometry Interface 2024 R2.01  
 Catia, Version 4 Geometry Interface 2024 R2.02  
 Catia, Version 5 Geometry Interface 2024 R2 
 Catia, Version 5 Geometry Interface 2024 R2.01  
 Catia, Version 5 Geometry Interface 2024 R2.02  
 Catia, Version 6 Geometry Interface 2024 R2 
 Catia, Version 6 Geometry Interface 2024 R2.01  
 Catia, Version 6 Geometry Interface 2024 R2.02  
 Creo Elements/Direct Modeling Geometry Interface 2024 R2
 Creo Elements/Direct Modeling Geometry Interface 2024 R2.01 
 Creo Elements/Direct Modeling Geometry Interface 2024 R2.02 
 Creo Parametric Geometry Interface 2024 R2  
 Creo Parametric Geometry Interface 2024 R2.01   
 Creo Parametric Geometry Interface 2024 R2.02   
 Inventor Geometry Interface 2024 R2 
 Inventor Geometry Interface 2024 R2.01  
 Inventor Geometry Interface 2024 R2.02  
 JTOpen Geometry Interface 2024 R2   
 JTOpen Geometry Interface 2024 R2.01
 JTOpen Geometry Interface 2024 R2.02
 NX Geometry Interface 2024 R2   
 NX Geometry Interface 2024 R2.01
 NX Geometry Interface 2024 R2.02
 Parasolid Geometry Interface  2024 R2   
 Parasolid Geometry Interface  2024 R2.01
 Parasolid Geometry Interface  2024 R2.02
 Solid Edge Geometry Interface 2024 R2   
 Solid Edge Geometry Interface 2024 R2.01
 Solid Edge Geometry Interface 2024 R2.02
 SOLIDWORKS Geometry Interface 2024 R2   
 SOLIDWORKS Geometry Interface 2024 R2.01
 SOLIDWORKS Geometry Interface 2024 R2.02


          *****  MAPDL COMMAND LINE ARGUMENTS  *****
  BATCH MODE REQUESTED (-b)    = NOLIST
  INPUT FILE COPY MODE (-c)    = COPY
  DISTRIBUTED MEMORY PARALLEL REQUESTED
       4 PARALLEL PROCESSES REQUESTED WITH SINGLE THREAD PER PROCESS
    TOTAL OF     4 CORES REQUESTED
  INPUT FILE NAME              = C:\Users\Hrishi\AppData\Local\Temp\WB_Hrishi_24556_2\_ProjectScratch\ScrD01B\dummy.dat
  OUTPUT FILE NAME             = C:\Users\Hrishi\AppData\Local\Temp\WB_Hrishi_24556_2\_ProjectScratch\ScrD01B\solve.out
  START-UP FILE MODE           = NOREAD
  STOP FILE MODE               = NOREAD

 RELEASE= 2024 R2              BUILD= 24.2      UP20240603   VERSION=WINDOWS x64 
 CURRENT JOBNAME=file0  12:20:08  NOV 21, 2024 CP=      0.016


 PARAMETER _DS_PROGRESS =     999.0000000    

 /INPUT FILE= ds.dat  LINE=       0



 *** NOTE ***                            CP =       0.141   TIME= 12:20:08
 The /CONFIG,NOELDB command is not valid in a distributed memory         
 parallel solution.  Command is ignored.                                 

 *GET  _WALLSTRT  FROM  ACTI  ITEM=TIME WALL  VALUE=  12.3355556    

 TITLE= 
 wbnew--Static Structural (A5)                                                 

  ACT Extensions:
      LSDYNA, 2024.2
      5f463412-bd3e-484b-87e7-cbc0a665e474, wbex
 /COM,     ANSYSMotion, 2024.2
      20180725-3f81-49eb-9f31-41364844c769, wbex
  

 SET PARAMETER DIMENSIONS ON  _WB_PROJECTSCRATCH_DIR
  TYPE=STRI  DIMENSIONS=      248        1        1

 PARAMETER _WB_PROJECTSCRATCH_DIR(1) = C:\Users\Hrishi\AppData\Local\Temp\WB_Hrishi_24556_2\_ProjectScratch\ScrD01B\

 SET PARAMETER DIMENSIONS ON  _WB_SOLVERFILES_DIR
  TYPE=STRI  DIMENSIONS=      248        1        1

 PARAMETER _WB_SOLVERFILES_DIR(1) = C:\Users\Hrishi\AppData\Local\Temp\WB_Hrishi_24556_2\wbnew_files\dp0\SYS\MECH\

 SET PARAMETER DIMENSIONS ON  _WB_USERFILES_DIR
  TYPE=STRI  DIMENSIONS=      248        1        1

 PARAMETER _WB_USERFILES_DIR(1) = C:\Users\Hrishi\AppData\Local\Temp\WB_Hrishi_24556_2\wbnew_files\user_files\
 --- Data in consistent NMM units. See Solving Units in the help system for more

 MPA UNITS SPECIFIED FOR INTERNAL    
  LENGTH      = MILLIMETERS (mm)
  MASS        = TONNE (Mg)
  TIME        = SECONDS (sec)
  TEMPERATURE = CELSIUS (C)
  TOFFSET     = 273.0
  FORCE       = NEWTON (N)
  HEAT        = MILLIJOULES (mJ)

 INPUT  UNITS ARE ALSO SET TO MPA 

 *** MAPDL - ENGINEERING ANALYSIS SYSTEM  RELEASE 2024 R2          24.2     ***
 Ansys Mechanical Enterprise Academic Research     
 01189725  VERSION=WINDOWS x64   12:20:08  NOV 21, 2024 CP=      0.156

 wbnew--Static Structural (A5)                                                 



          ***** MAPDL ANALYSIS DEFINITION (PREP7) *****
 *********** Nodes for the whole assembly ***********
 *********** Elements for Body 1 'finalknuckle' ***********
 *********** Send User Defined Coordinate System(s) ***********
 *********** Set Reference Temperature ***********
 *********** Send Materials ***********
 *********** Fixed Supports ***********
 *********** Define Force Using Surface Effect Elements ***********
 *********** Define Force Using Surface Effect Elements ***********
 *********** Define Force Using Surface Effect Elements ***********


 ***** ROUTINE COMPLETED *****  CP =         0.156


 --- Number of total nodes = 4553
 --- Number of contact elements = 64
 --- Number of spring elements = 0
 --- Number of bearing elements = 0
 --- Number of solid elements = 2298
 --- Number of condensed parts = 0
 --- Number of total elements = 2362

 *GET  _WALLBSOL  FROM  ACTI  ITEM=TIME WALL  VALUE=  12.3355556    
 ****************************************************************************
 *************************    SOLUTION       ********************************
 ****************************************************************************

 *****  MAPDL SOLUTION ROUTINE  *****


 PERFORM A STATIC ANALYSIS
  THIS WILL BE A NEW ANALYSIS

 PARAMETER _THICKRATIO =     1.000000000    

 USE PRECONDITIONED CONJUGATE GRADIENT SOLVER
  CONVERGENCE TOLERANCE = 1.00000E-08
  MAXIMUM ITERATION     = NumNode*DofPerNode*  1.0000    

 CONTACT INFORMATION PRINTOUT LEVEL       1

 CHECK INITIAL OPEN/CLOSED STATUS OF SELECTED CONTACT ELEMENTS
      AND LIST DETAILED CONTACT PAIR INFORMATION

 SPLIT CONTACT SURFACES AT SOLVE PHASE

    NUMBER OF SPLITTING TBD BY PROGRAM

 DO NOT COMBINE ELEMENT MATRIX FILES (.emat) AFTER DISTRIBUTED PARALLEL SOLUTION

 DO NOT COMBINE ELEMENT SAVE DATA FILES (.esav) AFTER DISTRIBUTED PARALLEL SOLUTION

 NLDIAG: Nonlinear diagnostics CONT option is set to ON. 
         Writing frequency : each ITERATION.

 DO NOT SAVE ANY RESTART FILES AT ALL
 ****************************************************
 ******************* SOLVE FOR LS 1 OF 1 ****************

 SELECT       FOR ITEM=TYPE COMPONENT=    
  IN RANGE         2 TO          2 STEP          1

         16  ELEMENTS (OF       2362  DEFINED) SELECTED BY  ESEL  COMMAND.

 SELECT      ALL NODES HAVING ANY ELEMENT IN ELEMENT SET.

         48 NODES (OF       4553  DEFINED) SELECTED FROM
       16 SELECTED ELEMENTS BY NSLE COMMAND.

 SPECIFIED SURFACE LOAD PRES FOR ALL SELECTED ELEMENTS  LKEY =  1   KVAL = 1
     VALUES =     0.0000         0.0000         0.0000         0.0000    

 SPECIFIED SURFACE LOAD PRES FOR ALL SELECTED ELEMENTS  LKEY =  2   KVAL = 1
     VALUES =     0.0000         0.0000         0.0000         0.0000    

 SPECIFIED SURFACE LOAD PRES FOR ALL SELECTED ELEMENTS  LKEY =  3   KVAL = 1
     VALUES =   -0.34940       -0.34940       -0.34940       -0.34940    

 SELECT       FOR ITEM=TYPE COMPONENT=    
  IN RANGE         3 TO          3 STEP          1

         16  ELEMENTS (OF       2362  DEFINED) SELECTED BY  ESEL  COMMAND.

 SELECT      ALL NODES HAVING ANY ELEMENT IN ELEMENT SET.

         48 NODES (OF       4553  DEFINED) SELECTED FROM
       16 SELECTED ELEMENTS BY NSLE COMMAND.

 SPECIFIED SURFACE LOAD PRES FOR ALL SELECTED ELEMENTS  LKEY =  1   KVAL = 1
     VALUES =    -3.5441        -3.5441        -3.5441        -3.5441    

 SPECIFIED SURFACE LOAD PRES FOR ALL SELECTED ELEMENTS  LKEY =  2   KVAL = 1
     VALUES =     0.0000         0.0000         0.0000         0.0000    

 SPECIFIED SURFACE LOAD PRES FOR ALL SELECTED ELEMENTS  LKEY =  3   KVAL = 1
     VALUES =     0.0000         0.0000         0.0000         0.0000    

 SELECT       FOR ITEM=TYPE COMPONENT=    
  IN RANGE         4 TO          4 STEP          1

         32  ELEMENTS (OF       2362  DEFINED) SELECTED BY  ESEL  COMMAND.

 SELECT      ALL NODES HAVING ANY ELEMENT IN ELEMENT SET.

         96 NODES (OF       4553  DEFINED) SELECTED FROM
       32 SELECTED ELEMENTS BY NSLE COMMAND.

 SPECIFIED SURFACE LOAD PRES FOR ALL SELECTED ELEMENTS  LKEY =  1   KVAL = 1
     VALUES =     0.0000         0.0000         0.0000         0.0000    

 SPECIFIED SURFACE LOAD PRES FOR ALL SELECTED ELEMENTS  LKEY =  2   KVAL = 1
     VALUES =   -0.45627       -0.45627       -0.45627       -0.45627    

 SPECIFIED SURFACE LOAD PRES FOR ALL SELECTED ELEMENTS  LKEY =  3   KVAL = 1
     VALUES =     0.0000         0.0000         0.0000         0.0000    

 ALL SELECT   FOR ITEM=NODE COMPONENT=    
  IN RANGE         1 TO       4553 STEP          1

       4553  NODES (OF       4553  DEFINED) SELECTED BY NSEL  COMMAND.

 ALL SELECT   FOR ITEM=ELEM COMPONENT=    
  IN RANGE         1 TO       3696 STEP          1

       2362  ELEMENTS (OF       2362  DEFINED) SELECTED BY  ESEL  COMMAND.

 PRINTOUT RESUMED BY /GOP

 USE       1 SUBSTEPS INITIALLY THIS LOAD STEP FOR ALL  DEGREES OF FREEDOM
 FOR AUTOMATIC TIME STEPPING:
   USE      1 SUBSTEPS AS A MAXIMUM
   USE      1 SUBSTEPS AS A MINIMUM

 TIME=  1.0000    

 ERASE THE CURRENT DATABASE OUTPUT CONTROL TABLE.


 WRITE ALL  ITEMS TO THE DATABASE WITH A FREQUENCY OF NONE
   FOR ALL APPLICABLE ENTITIES

 WRITE NSOL ITEMS TO THE DATABASE WITH A FREQUENCY OF ALL 
   FOR ALL APPLICABLE ENTITIES

 WRITE RSOL ITEMS TO THE DATABASE WITH A FREQUENCY OF ALL 
   FOR ALL APPLICABLE ENTITIES

 WRITE EANG ITEMS TO THE DATABASE WITH A FREQUENCY OF ALL 
   FOR ALL APPLICABLE ENTITIES

 WRITE ETMP ITEMS TO THE DATABASE WITH A FREQUENCY OF ALL 
   FOR ALL APPLICABLE ENTITIES

 WRITE VENG ITEMS TO THE DATABASE WITH A FREQUENCY OF ALL 
   FOR ALL APPLICABLE ENTITIES

 WRITE STRS ITEMS TO THE DATABASE WITH A FREQUENCY OF ALL 
   FOR ALL APPLICABLE ENTITIES

 WRITE EPEL ITEMS TO THE DATABASE WITH A FREQUENCY OF ALL 
   FOR ALL APPLICABLE ENTITIES

 WRITE EPPL ITEMS TO THE DATABASE WITH A FREQUENCY OF ALL 
   FOR ALL APPLICABLE ENTITIES

 WRITE CONT ITEMS TO THE DATABASE WITH A FREQUENCY OF ALL 
   FOR ALL APPLICABLE ENTITIES

 *GET  ANSINTER_  FROM  ACTI  ITEM=INT        VALUE=  0.00000000    

 *IF  ANSINTER_  ( =   0.00000     )  NE  
      0  ( =   0.00000     )  THEN    

 *ENDIF

 *** NOTE ***                            CP =       0.172   TIME= 12:20:08
 The automatic domain decomposition logic has selected the MESH domain   
 decomposition method with 4 processes per solution.                     

 *****  MAPDL SOLVE    COMMAND  *****

 *** WARNING ***                         CP =       0.172   TIME= 12:20:08
 Element shape checking is currently inactive.  Issue SHPP,ON or         
 SHPP,WARN to reactivate, if desired.                                    

 *** NOTE ***                            CP =       0.172   TIME= 12:20:08
 The model data was checked and warning messages were found.             
  Please review output or errors file (                                  
 C:\Users\Hrishi\AppData\Local\Temp\WB_Hrishi_24556_2\_ProjectScratch\Sc 
 crD01B\file0.err ) for these warning messages.                          

 *** SELECTION OF ELEMENT TECHNOLOGIES FOR APPLICABLE ELEMENTS ***
      --- GIVE SUGGESTIONS AND RESET THE KEY OPTIONS ---

 ELEMENT TYPE         1 IS SOLID187. IT IS NOT ASSOCIATED WITH FULLY INCOMPRESSIBLE
 HYPERELASTIC MATERIALS. NO SUGGESTION IS AVAILABLE AND NO RESETTING IS NEEDED.



 *** MAPDL - ENGINEERING ANALYSIS SYSTEM  RELEASE 2024 R2          24.2     ***
 Ansys Mechanical Enterprise Academic Research     
 01189725  VERSION=WINDOWS x64   12:20:08  NOV 21, 2024 CP=      0.172

 wbnew--Static Structural (A5)                                                 



                       S O L U T I O N   O P T I O N S

   PROBLEM DIMENSIONALITY. . . . . . . . . . . . .3-D                  
   DEGREES OF FREEDOM. . . . . . UX   UY   UZ  
   ANALYSIS TYPE . . . . . . . . . . . . . . . . .STATIC (STEADY-STATE)
   OFFSET TEMPERATURE FROM ABSOLUTE ZERO . . . . .  273.15    
   EQUATION SOLVER OPTION. . . . . . . . . . . . .PCG                
      TOLERANCE. . . . . . . . . . . . . . . . . . 1.00000E-08
   GLOBALLY ASSEMBLED MATRIX . . . . . . . . . . .SYMMETRIC  

 *** WARNING ***                         CP =       0.172   TIME= 12:20:08
 Material number 2 (used by element 3633) should normally have at least  
 one MP or one TB type command associated with it.  Output of energy by  
 material may not be available.                                          

 *** NOTE ***                            CP =       0.172   TIME= 12:20:08
 The step data was checked and warning messages were found.              
  Please review output or errors file (                                  
 C:\Users\Hrishi\AppData\Local\Temp\WB_Hrishi_24556_2\_ProjectScratch\Sc 
 crD01B\file0.err ) for these warning messages.                          

 *** NOTE ***                            CP =       0.172   TIME= 12:20:08
 The conditions for direct assembly have been met.  No .emat or .erot    
 files will be produced.                                                 

  
  
     D I S T R I B U T E D   D O M A I N   D E C O M P O S E R
  
  ...Number of elements: 2362
  ...Number of nodes:    4553
  ...Decompose to 4 CPU domains
  ...Element load balance ratio =     1.027


                      L O A D   S T E P   O P T I O N S

   LOAD STEP NUMBER. . . . . . . . . . . . . . . .     1
   TIME AT END OF THE LOAD STEP. . . . . . . . . .  1.0000    
   NUMBER OF SUBSTEPS. . . . . . . . . . . . . . .     1
   STEP CHANGE BOUNDARY CONDITIONS . . . . . . . .    NO
   PRINT OUTPUT CONTROLS . . . . . . . . . . . . .NO PRINTOUT
   DATABASE OUTPUT CONTROLS
      ITEM     FREQUENCY   COMPONENT
       ALL       NONE               
      NSOL        ALL               
      RSOL        ALL               
      EANG        ALL               
      ETMP        ALL               
      VENG        ALL               
      STRS        ALL               
      EPEL        ALL               
      EPPL        ALL               
      CONT        ALL               


 SOLUTION MONITORING INFO IS WRITTEN TO FILE= file.mntr                                                                                                                                                                                                                                                           


 *** NOTE ***                            CP =       0.188   TIME= 12:20:08
 The PCG solver has automatically set the level of difficulty for this   
 model to 2.                                                             


                         ***********  PRECISE MASS SUMMARY  ***********

   TOTAL RIGID BODY MASS MATRIX ABOUT ORIGIN
               Translational mass               |   Coupled translational/rotational mass
        0.11153E-02    0.0000        0.0000     |     0.0000       0.67705E-02  -0.17459E-02
         0.0000       0.11153E-02    0.0000     |   -0.67705E-02    0.0000       0.10090E-02
         0.0000        0.0000       0.11153E-02 |    0.17459E-02  -0.10090E-02    0.0000    
     ------------------------------------------ | ------------------------------------------
                                                |         Rotational mass (inertia)
                                                |     6.1848      -0.42761E-02  -0.17130E-01
                                                |   -0.42761E-02    2.1274      -0.51161    
                                                |   -0.17130E-01  -0.51161        4.7025    

   TOTAL MASS = 0.11153E-02
     The mass principal axes coincide with the global Cartesian axes

   CENTER OF MASS (X,Y,Z)=   0.90466        1.5654        6.0703    

   TOTAL INERTIA ABOUT CENTER OF MASS
         6.1410      -0.26966E-02  -0.11005E-01
       -0.26966E-02    2.0853      -0.50101    
       -0.11005E-01  -0.50101        4.6988    

   PRINCIPAL INERTIAS =    6.1411        1.9926        4.7915    
   ORIENTATION VECTORS OF THE INERTIA PRINCIPAL AXES IN GLOBAL CARTESIAN
     ( 1.000, 0.000,-0.008) ( 0.001, 0.983, 0.182) ( 0.008,-0.182, 0.983) 


  *** MASS SUMMARY BY ELEMENT TYPE ***

  TYPE      MASS
     1  0.111534E-02

 Range of element maximum matrix coefficients in global coordinates
 Maximum = 6437079.51 at element 2257.                                   
 Minimum = 99875.4225 at element 1649.                                   

   *** ELEMENT MATRIX FORMULATION TIMES
     TYPE    NUMBER   ENAME      TOTAL CP  AVE CP

        1      2298  SOLID187      0.047   0.000020
        2        16  SURF154       0.000   0.000000
        3        16  SURF154       0.000   0.000000
        4        32  SURF154       0.000   0.000000
 Time at end of element matrix formulation CP = 0.203125.                
 Iteration=    10 Ratio=  8.746082E-02 Limit=  1.000000E-08 Wall=     0.0
 Iteration=    50 Ratio=  7.219939E-04 Limit=  1.000000E-08 Wall=     0.1
 Iteration=    90 Ratio=  2.097546E-06 Limit=  1.000000E-08 Wall=     0.1

 DISTRIBUTED PCG SOLVER SOLUTION CONVERGED

 DISTRIBUTED PCG SOLVER SOLUTION STATISTICS

   NUMBER OF ITERATIONS=         119
   NUMBER OF EQUATIONS =       13659
   LEVEL OF CONVERGENCE=           1
   CALCULATED NORM     = 0.88227E-08
   SPECIFIED TOLERANCE = 0.10000E-07
   TOTAL CPU TIME (sec)=        0.03
   TOTAL WALL TIME(sec)=        0.17
   TOTAL MEMORY (GB)   =        0.01


   *** ELEMENT RESULT CALCULATION TIMES
     TYPE    NUMBER   ENAME      TOTAL CP  AVE CP

        1      2298  SOLID187      0.031   0.000014
        2        16  SURF154       0.000   0.000000
        3        16  SURF154       0.000   0.000000
        4        32  SURF154       0.000   0.000000

   *** NODAL LOAD CALCULATION TIMES
     TYPE    NUMBER   ENAME      TOTAL CP  AVE CP

        1      2298  SOLID187      0.016   0.000007
        2        16  SURF154       0.000   0.000000
        3        16  SURF154       0.000   0.000000
        4        32  SURF154       0.000   0.000000
 *** LOAD STEP     1   SUBSTEP     1  COMPLETED.    CUM ITER =      1
 *** TIME =   1.00000         TIME INC =   1.00000      NEW TRIANG MATRIX


 *** MAPDL BINARY FILE STATISTICS
  BUFFER SIZE USED= 16384
        0.688 MB WRITTEN ON RESULTS FILE: file0.rst
 *************** Write FE CONNECTORS *********

 WRITE OUT CONSTRAINT EQUATIONS TO FILE= file.ce                                                                                                                                                                                                                                                             
 ****************************************************
 *************** FINISHED SOLVE FOR LS 1 *************

 *GET  _WALLASOL  FROM  ACTI  ITEM=TIME WALL  VALUE=  12.3358333    

 PRINTOUT RESUMED BY /GOP

 *GET  _PCGITER  FROM  ACTI  ITEM=SOLU CGIT  VALUE=  119.000000    

 FINISH SOLUTION PROCESSING


 ***** ROUTINE COMPLETED *****  CP =         0.266



 *** MAPDL - ENGINEERING ANALYSIS SYSTEM  RELEASE 2024 R2          24.2     ***
 Ansys Mechanical Enterprise Academic Research     
 01189725  VERSION=WINDOWS x64   12:20:09  NOV 21, 2024 CP=      0.266

 wbnew--Static Structural (A5)                                                 



          ***** MAPDL RESULTS INTERPRETATION (POST1) *****

 *** NOTE ***                            CP =       0.266   TIME= 12:20:09
 Reading results into the database (SET command) will update the current 
 displacement and force boundary conditions in the database with the     
 values from the results file for that load set.  Note that any          
 subsequent solutions will use these values unless action is taken to    
 either SAVE the current values or not overwrite them (/EXIT,NOSAVE).    

 Set Encoding of XML File to:ISO-8859-1

 Set Output of XML File to:
     PARM,     ,     ,     ,     ,     ,     ,     ,     ,     ,     ,     ,
         ,     ,     ,     ,     ,     ,     ,

 DATABASE WRITTEN ON FILE  parm.xml                                                                                                                                                                                                                                                            

 EXIT THE MAPDL POST1 DATABASE PROCESSOR


 ***** ROUTINE COMPLETED *****  CP =         0.266



 PRINTOUT RESUMED BY /GOP

 *GET  _WALLDONE  FROM  ACTI  ITEM=TIME WALL  VALUE=  12.3358333    

 PARAMETER _PREPTIME =     0.000000000    

 PARAMETER _SOLVTIME =     1.000000000    

 PARAMETER _POSTTIME =     0.000000000    

 PARAMETER _TOTALTIM =     1.000000000    

 *GET  _DLBRATIO  FROM  ACTI  ITEM=SOLU DLBR  VALUE=  1.02711864    

 *GET  _COMBTIME  FROM  ACTI  ITEM=SOLU COMB  VALUE= 0.110158000E-01

 *GET  _SSMODE   FROM  ACTI  ITEM=SOLU SSMM  VALUE=  0.00000000    

 *GET  _NDOFS    FROM  ACTI  ITEM=SOLU NDOF  VALUE=  13371.0000    

 *GET  _SOL_END_TIME  FROM  ACTI  ITEM=SET  TIME  VALUE=  1.00000000    

 *IF  _sol_end_time  ( =   1.00000     )  EQ  
      1.000000  ( =   1.00000     )  THEN    

 /FCLEAN COMMAND REMOVING ALL LOCAL FILES

 *ENDIF
 --- Total number of nodes = 4553
 --- Total number of elements = 2362
 --- Element load balance ratio = 1.02711864
 --- Time to combine distributed files = 1.10158E-02
 --- Sparse memory mode = 0
 --- Number of DOF = 13371

 EXIT MAPDL WITHOUT SAVING DATABASE


 NUMBER OF WARNING MESSAGES ENCOUNTERED=          2
 NUMBER OF ERROR   MESSAGES ENCOUNTERED=          0

+--------------------- M A P D L   S T A T I S T I C S ------------------------+

Release: 2024 R2            Build: 24.2       Update: UP20240603   Platform: WINDOWS x64 
Date Run: 11/21/2024   Time: 12:20     Process ID: 20648
Operating System: Windows 11  (Build: 22631)

Processor Model: 13th Gen Intel(R) Core(TM) i5-13420H

Compiler: Intel(R) Fortran Compiler Classic Version 2021.9  (Build: 20230302)
          Intel(R) C/C++ Compiler Classic Version 2021.9  (Build: 20230302)
          Intel(R) oneAPI Math Kernel Library Version 2023.1-Product Build 20230303

Number of machines requested            :    1
Total number of cores available         :   12
Number of physical cores available      :    8
Number of processes requested           :    4
Number of threads per process requested :    1
Total number of cores requested         :    4 (Distributed Memory Parallel)               
MPI Type: INTELMPI
MPI Version: Intel(R) MPI Library 2021.11 for Windows* OS


GPU Acceleration: Not Requested

Job Name: file0
Input File: dummy.dat

  Core                Machine Name   Working Directory
 -----------------------------------------------------
     0             LAPTOP-A3UI4BBD   C:\Users\Hrishi\AppData\Local\Temp\WB_Hrishi_24556_2\_ProjectScratch\ScrD01B
     1             LAPTOP-A3UI4BBD   C:\Users\Hrishi\AppData\Local\Temp\WB_Hrishi_24556_2\_ProjectScratch\ScrD01B
     2             LAPTOP-A3UI4BBD   C:\Users\Hrishi\AppData\Local\Temp\WB_Hrishi_24556_2\_ProjectScratch\ScrD01B
     3             LAPTOP-A3UI4BBD   C:\Users\Hrishi\AppData\Local\Temp\WB_Hrishi_24556_2\_ProjectScratch\ScrD01B
 
Latency time from master to core     1 =    1.666 microseconds
Latency time from master to core     2 =    1.419 microseconds
Latency time from master to core     3 =    1.707 microseconds
 
Communication speed from master to core     1 =  4970.43 MB/sec
Communication speed from master to core     2 =  9888.26 MB/sec
Communication speed from master to core     3 =  8690.36 MB/sec

Total CPU time for main thread                    :        0.4 seconds
Total CPU time summed for all threads             :        0.3 seconds

Elapsed time spent obtaining a license            :        0.5 seconds
Elapsed time spent pre-processing model (/PREP7)  :        0.0 seconds
Elapsed time spent solution - preprocessing       :        0.1 seconds
Elapsed time spent computing solution             :        0.2 seconds
Elapsed time spent solution - postprocessing      :        0.0 seconds
Elapsed time spent post-processing model (/POST1) :        0.0 seconds
 
Equation solver used                              :            PCG (symmetric)
Equation solver computational rate                :       11.9 Gflops

Sum of disk space used on all processes           :        9.8 MB

Sum of memory used on all processes               :      192.0 MB
Sum of memory allocated on all processes          :     2880.0 MB
Physical memory available                         :         16 GB
Total amount of I/O written to disk               :        0.0 GB
Total amount of I/O read from disk                :        0.0 GB

+------------------ E N D   M A P D L   S T A T I S T I C S -------------------+


 *-----------------------------------------------------------------------------*
 |                                                                             |
 |                               RUN COMPLETED                                 |
 |                                                                             |
 |-----------------------------------------------------------------------------|
 |                                                                             |
 |  Ansys MAPDL 2024 R2         Build 24.2         UP20240603    WINDOWS x64   |
 |                                                                             |
 |-----------------------------------------------------------------------------|
 |                                                                             |
 |  Database Requested(-db)     1024 MB     Scratch Memory Requested   1024 MB |
 |  Max Database Used(Master)      4 MB     Max Scratch Used(Master)     47 MB |
 |  Max Database Used(Workers)     1 MB     Max Scratch Used(Workers)    46 MB |
 |  Sum Database Used(All)         7 MB     Sum Scratch Used(All)       185 MB |
 |                                                                             |
 |-----------------------------------------------------------------------------|
 |                                                                             |
 |        CP Time      (sec) =          0.281       Time  =  12:20:11          |
 |        Elapsed Time (sec) =          4.000       Date  =  11/21/2024        |
 |                                                                             |
 *-----------------------------------------------------------------------------*
